app/build/intermediates/manifest_merge_blame_file/release/processReleaseMainManifest/manifest-merger-blame-release-report.txt
1<?xml version="1.0" encoding="utf-8"?>
2<!--
3    FCLGlucoLink (30/07/2026, editor) — losstaande, minimale sensor-naar-AAPS-
4    koppel-app. Bewust GEEN AAPS-plugin/module binnen FCLvNext: aparte APK,
5    aparte installatie, aparte proces-ruimte. Reden (zie ook het gesprek
6    waaruit dit project ontstond): AAPS verwacht CGM-data toch al via een
7    losstaand BgSource-achtig kanaal (dezelfde xDrip-broadcast als Juggluco
8    nu gebruikt), en een BLE-crash/hikje in DEZE app mag nooit het proces
9    raken waar de dosing-loop (FCLvNext) in draait. Dit manifest declareert
10    dus alleen wat een pure sensor-koppel-app nodig heeft — geen dosing-,
11    profiel- of AAPS-brede rechten.
12-->
13<manifest xmlns:android="http://schemas.android.com/apk/res/android"
14    package="com.fclglucolink.app"
15    android:versionCode="186"
16    android:versionName="0.9.87-broadcast-trend-sync-and-g6-code-display-fix" >
17
18    <uses-sdk
19        android:minSdkVersion="26"
20        android:targetSdkVersion="34" />
21
22    <!--
23         30/07/2026 (editor, waarschijnlijke oorzaak "data komt niet bij AAPS
24         binnen") — Android 11+ (API 30+) pakket-zichtbaarheid: zonder dit
25         <queries>-blok ziet PackageManager.queryBroadcastReceivers() in
26         XDripBroadcaster.kt HELEMAAL NIETS, ook niet als AAPS een prima
27         geregistreerde ontvanger voor deze actie heeft — de resolveReceiver-
28         Packages()-lijst is dan altijd leeg (zie de "Geen enkele app
29         gevonden"-log) en er wordt nooit een broadcast verstuurd. Bewust op
30         actie i.p.v. pakketnaam (geen enkele AAPS-fork hardcoded, past bij
31         het bestaande ontwerp van XDripBroadcaster).
32    -->
33    <queries>
33-->src\main\AndroidManifest.xml:24:5-28:15
34        <intent>
34-->src\main\AndroidManifest.xml:25:9-27:18
35            <action android:name="com.eveningoutpost.dexdrip.BgEstimate" />
35-->src\main\AndroidManifest.xml:26:13-76
35-->src\main\AndroidManifest.xml:26:21-73
36        </intent>
37    </queries>
38
39    <!--
40         30/07/2026 (editor) — neverForLocation: bevestigt aan Android (API>=31)
41         dat deze app scan-resultaten NOOIT gebruikt om fysieke locatie af te
42         leiden. Gevolg: op API>=31 is er GEEN enkele locatierechten-vraag
43         meer nodig voor BLE-scannen (vandaar ook dat ACCESS_FINE_LOCATION
44         hieronder tot API 30 beperkt blijft) — puur best-practice, verandert
45         niets aan wat de app al deed.
46    -->
47    <uses-permission
47-->src\main\AndroidManifest.xml:36:5-38:58
48        android:name="android.permission.BLUETOOTH_SCAN"
48-->src\main\AndroidManifest.xml:37:9-57
49        android:usesPermissionFlags="neverForLocation" />
49-->src\main\AndroidManifest.xml:38:9-55
50    <uses-permission android:name="android.permission.BLUETOOTH_CONNECT" />
50-->src\main\AndroidManifest.xml:39:5-76
50-->src\main\AndroidManifest.xml:39:22-73
51    <!--
52         31/07/2026 (editor, bugfix na crash tijdens de eerste echte BLE-
53         koppelpoging: "SecurityException: Need BLUETOOTH permission")  —
54         BLUETOOTH_SCAN/BLUETOOTH_CONNECT hierboven dekken de runtime-
55         geautoriseerde acties (scannen/verbinden), maar het simpelweg
56         AANMAKEN van een BluetoothAdapter-referentie
57         (getSystemService(BluetoothManager)/getBluetoothLeScanner()) loopt
58         intern nog steeds via een AIDL-aanroep die deze OUDE, "normale"
59         (geen runtime-prompt, alleen declareren volstaat) permissie
60         controleert — een bekende, wat contra-intuïtieve Android-eigenaardigheid
61         die blijkbaar ook op recentere Android-versies nog geldt voor déze
62         specifieke aanroep. BLUETOOTH_ADMIN erbij voor dezelfde reden (nodig
63         voor adapter-staat-gerelateerde calls op oudere API-niveaus). Beide
64         zijn onschadelijk om altijd te declareren, ook op nieuwere Android-
65         versies waar ze verder geen effect meer hebben.
66    -->
67    <uses-permission android:name="android.permission.BLUETOOTH" />
67-->src\main\AndroidManifest.xml:54:5-68
67-->src\main\AndroidManifest.xml:54:22-65
68    <uses-permission android:name="android.permission.BLUETOOTH_ADMIN" />
68-->src\main\AndroidManifest.xml:55:5-74
68-->src\main\AndroidManifest.xml:55:22-71
69    <!--
70         Alleen nodig op Android <12 (API<31), waar BLE-scannen nog aan
71         locatierechten vastzat — geen enkel gebruik van daadwerkelijke
72         locatiedata in deze app.
73    -->
74    <uses-permission
74-->src\main\AndroidManifest.xml:59:5-61:38
75        android:name="android.permission.ACCESS_FINE_LOCATION"
75-->src\main\AndroidManifest.xml:60:9-63
76        android:maxSdkVersion="30" />
76-->src\main\AndroidManifest.xml:61:9-35
77    <!--
78         10/08/2026 (editor, RONDE 77, root-oorzaak van een ~20-25 min BG-gat
79         tijdens langdurig scherm-uit op een Samsung A40/Android 11 —
80         diagnostiek: elke scan-rearm (Ronde 76) vuurde precies op tijd maar
81         leverde nul resultaten op tot het scherm weer aan ging) — zonder
82         ACCESS_BACKGROUND_LOCATION biedt Android op API<31 geen "Altijd
83         toestaan"-locatie-optie aan (bevestigd: Instellingen > Apps >
84         FCLGlucoLink > Machtigingen > Locatie toonde alleen "Bij gebruik
85         van app"/"Altijd vragen"/"Niet toestaan", tegenover AAPS op
86         hetzelfde toestel dat wél "Altijd toegestaan" heeft en gebruikt).
87         Alleen declareren GEEFT deze toestemming niet automatisch — sinds
88         Android 10 kan deze permissie niet via een normale in-app-prompt
89         gevraagd worden, de gebruiker moet 'm zelf via dat Instellingen-
90         scherm aanzetten (zie ManualScreen.kt's nieuwe knop hiervoor, in de
91         handleiding i.p.v. op een schermknop, want dit is een eenmalige
92         instelstap per toestel). Bewust dezelfde maxSdkVersion="30"-scope
93         als ACCESS_FINE_LOCATION hierboven: op API>=31 dekt
94         BLUETOOTH_SCAN/neverForLocation dit al af, geen locatierechten
95         nodig.
96    -->
97    <uses-permission
97-->src\main\AndroidManifest.xml:80:5-82:38
98        android:name="android.permission.ACCESS_BACKGROUND_LOCATION"
98-->src\main\AndroidManifest.xml:81:9-69
99        android:maxSdkVersion="30" />
99-->src\main\AndroidManifest.xml:82:9-35
100    <uses-permission android:name="android.permission.FOREGROUND_SERVICE" />
100-->src\main\AndroidManifest.xml:83:5-77
100-->src\main\AndroidManifest.xml:83:22-74
101    <uses-permission android:name="android.permission.FOREGROUND_SERVICE_CONNECTED_DEVICE" />
101-->src\main\AndroidManifest.xml:84:5-94
101-->src\main\AndroidManifest.xml:84:22-91
102    <uses-permission android:name="android.permission.POST_NOTIFICATIONS" />
102-->src\main\AndroidManifest.xml:85:5-77
102-->src\main\AndroidManifest.xml:85:22-74
103
104    <!--
105         30/07/2026 (editor, na feedback: "moet 15 dagen onbeheerd door
106         kunnen draaien") — een foreground-service met een zichtbare
107         notificatie hoort op kale Android al vrijgesteld te zijn van
108         Doze/App Standby-CPU-beperkingen, maar sommige fabrikanten
109         (Samsung/Xiaomi/Huawei e.d.) hebben daarbovenop een eigen,
110         agressiever batterijbeheer dat achtergrond-apps alsnog killt.
111         Deze permissie hoort bij de knop in het menu (StatusScreen.kt) die
112         de gebruiker naar het systeemscherm stuurt om FCLGlucoLink daar
113         expliciet van uit te zonderen — geen silent/forced gedrag, puur een
114         verzoek dat de gebruiker zelf moet goedkeuren.
115    -->
116    <uses-permission android:name="android.permission.REQUEST_IGNORE_BATTERY_OPTIMIZATIONS" />
116-->src\main\AndroidManifest.xml:97:5-95
116-->src\main\AndroidManifest.xml:97:22-92
117
118    <!--
119         30/07/2026 (editor, na feedback: "update onregelmatig i.p.v. iedere
120         5 minuten met scherm dicht") — zie kdoc bij BleConnectionService.kt:
121         nodig voor de partial wakelock die daar wordt vastgehouden zolang de
122         service actief is, zodat de eigen `delay()`-timers (simulator-
123         replay/random-walk) op tijd blijven afgaan ook als het scherm lang
124         uitstaat.
125    -->
126    <uses-permission android:name="android.permission.WAKE_LOCK" />
126-->src\main\AndroidManifest.xml:105:5-68
126-->src\main\AndroidManifest.xml:105:22-65
127
128    <!--
129         03/08/2026 (editor, ronde 28 — na vergelijking van de ECHTE
130         manifesten van AAPS/Juggluco/FCLGlucoLink, op verzoek van de
131         gebruiker) — Juggluco's manifest bevat exact deze combinatie
132         (RECEIVE_BOOT_COMPLETED + SCHEDULE_EXACT_ALARM(maxSdk 32) +
133         USE_EXACT_ALARM), samen met eigen `.NumAlarm`/`.Maintenance`/
134         `.LossOfSensorAlarm`/`.ConnectReceiver`-ontvangers — een
135         AlarmManager-gebaseerde "wekker" die, anders dan onze eigen
136         coroutine-timers, expliciet Doze/App Standby doorbreekt en het
137         proces zelf kan herstarten als Android het ondertussen volledig
138         gestopt heeft. Zie ConnectionWatchdog.kt's kdoc voor de volledige
139         aanleiding en werking. SCHEDULE_EXACT_ALARM (t/m API 32) vereist
140         mogelijk een handmatige gebruikers-toestemming via Instellingen >
141         Alarmen en herinneringen als canScheduleExactAlarms() false
142         teruggeeft — ConnectionWatchdog.kt valt dan terug op de inexacte
143         (maar nog steeds Doze-doorbrekende) variant, crasht nooit.
144    -->
145    <uses-permission
145-->src\main\AndroidManifest.xml:122:5-106
146        android:name="android.permission.SCHEDULE_EXACT_ALARM"
146-->src\main\AndroidManifest.xml:122:22-76
147        android:maxSdkVersion="32" />
147-->src\main\AndroidManifest.xml:122:77-103
148    <uses-permission android:name="android.permission.USE_EXACT_ALARM" />
148-->src\main\AndroidManifest.xml:123:5-74
148-->src\main\AndroidManifest.xml:123:22-71
149    <uses-permission android:name="android.permission.RECEIVE_BOOT_COMPLETED" />
149-->src\main\AndroidManifest.xml:124:5-81
149-->src\main\AndroidManifest.xml:124:22-78
150
151    <!--
152         13/08/2026 (editor, RONDE 107 — alarm-evaluatiemotor) — normale
153         permissie (geen runtime-prompt) voor de trilling die
154         alarm/AlarmSoundPlayer.kt bij een afgaand alarm laat voelen.
155    -->
156    <uses-permission android:name="android.permission.VIBRATE" />
156-->src\main\AndroidManifest.xml:129:5-66
156-->src\main\AndroidManifest.xml:129:22-63
157    <!--
158         13/08/2026 (editor, RONDE 107) — nodig voor de scherm-doorbrekende
159         full-screen-notificatie waarmee alarm/AlarmController.kt
160         alarm/AlarmActivity.kt opent (Notification.setFullScreenIntent()).
161         BEKENDE BEPERKING: op Android 14 (API 34) is dit voor gewone apps
162         niet meer automatisch toegestaan, zie AlarmController.kt's kdoc bij
163         showFullScreenNotification() — declareren hier is de vereiste
164         basisstap, maar de gebruiker moet 'm op zulke toestellen mogelijk
165         zelf via Instellingen aanzetten.
166    -->
167    <uses-permission android:name="android.permission.USE_FULL_SCREEN_INTENT" />
167-->src\main\AndroidManifest.xml:138:5-81
167-->src\main\AndroidManifest.xml:138:22-78
168
169    <!--
170         04/09/2026 (editor, RONDE 165, op verzoek: "onderzoek [...] een
171         melding [...] als er een update beschikbaar is [...] via mijn
172         google drive [...] op verzoek kan updaten") — de EERSTE keer dat
173         deze app iets over het netwerk doet: periodiek de gedeelde
174         Drive-map uitlezen (bestandsnamen, geen grote downloads, zie
175         update/UpdateChecker.kt) en, alleen als de gebruiker zelf op
176         "Update nu" tikt, de nieuwe APK ophalen. Nooit automatisch/stil op
177         de achtergrond geïnstalleerd.
178    -->
179    <uses-permission android:name="android.permission.INTERNET" />
179-->src\main\AndroidManifest.xml:148:5-67
179-->src\main\AndroidManifest.xml:148:22-64
180    <!--
181         04/09/2026 (editor, RONDE 165) — nodig om, ná een door de gebruiker
182         zelf getikte "Update nu"-knop, de systeem-installatiebevestiging
183         voor de gedownloade APK te mogen openen (zie
184         update/UpdateInstaller.kt). Puur de vraag mogen STELLEN; Android
185         toont de gebruiker altijd zijn eigen "installeer onbekende apps"-
186         toestemmingsscherm de eerste keer, deze permissie omzeilt dat niet.
187    -->
188    <uses-permission android:name="android.permission.REQUEST_INSTALL_PACKAGES" />
188-->src\main\AndroidManifest.xml:155:5-83
188-->src\main\AndroidManifest.xml:155:22-80
189
190    <uses-feature
190-->src\main\AndroidManifest.xml:157:5-159:35
191        android:name="android.hardware.bluetooth_le"
191-->src\main\AndroidManifest.xml:158:9-53
192        android:required="true" />
192-->src\main\AndroidManifest.xml:159:9-32
193
194    <permission
194-->[androidx.core:core:1.13.1] AndroidManifest.xml:22:5-24:47
195        android:name="com.fclglucolink.app.DYNAMIC_RECEIVER_NOT_EXPORTED_PERMISSION"
195-->[androidx.core:core:1.13.1] AndroidManifest.xml:23:9-81
196        android:protectionLevel="signature" />
196-->[androidx.core:core:1.13.1] AndroidManifest.xml:24:9-44
197
198    <uses-permission android:name="com.fclglucolink.app.DYNAMIC_RECEIVER_NOT_EXPORTED_PERMISSION" /> <!-- Although the *SdkVersion is captured in gradle build files, this is required for non gradle builds -->
198-->[androidx.core:core:1.13.1] AndroidManifest.xml:26:5-97
198-->[androidx.core:core:1.13.1] AndroidManifest.xml:26:22-94
199    <!-- <uses-sdk android:minSdkVersion="14"/> -->
200    <uses-permission android:name="android.permission.ACCESS_NETWORK_STATE" />
200-->[com.google.android.datatransport:transport-backend-cct:2.3.3] AndroidManifest.xml:25:5-79
200-->[com.google.android.datatransport:transport-backend-cct:2.3.3] AndroidManifest.xml:25:22-76
201
202    <application
202-->src\main\AndroidManifest.xml:161:5-293:19
203        android:name="com.fclglucolink.app.FclGlucoLinkApp"
203-->src\main\AndroidManifest.xml:162:9-40
204        android:allowBackup="false"
204-->src\main\AndroidManifest.xml:163:9-36
205        android:appComponentFactory="androidx.core.app.CoreComponentFactory"
205-->[androidx.core:core:1.13.1] AndroidManifest.xml:28:18-86
206        android:extractNativeLibs="true"
207        android:icon="@mipmap/ic_launcher"
207-->src\main\AndroidManifest.xml:164:9-43
208        android:label="@string/app_name"
208-->src\main\AndroidManifest.xml:165:9-41
209        android:supportsRtl="true"
209-->src\main\AndroidManifest.xml:167:9-35
210        android:theme="@style/Theme.FCLGlucoLink" >
210-->src\main\AndroidManifest.xml:166:9-50
211
212        <!--
213             31/07/2026 (editor) — CareSens Air koppel-stap 1/4: laat Google
214             Play services de barcode-scanner-module alvast downloaden
215             tijdens installatie i.p.v. pas bij het eerste gebruik (scheelt
216             een korte wachttijd/download-melding de eerste keer dat
217             ui/CareSensAirScanScreen.kt wordt geopend). Optioneel — zonder
218             dit werkt het ook, dan downloadt Play services de module gewoon
219             bij het eerste gebruik. Geen CAMERA-permissie nodig: het
220             scannen zelf gebeurt in een geïsoleerd Play Services-proces,
221             zie kdoc bij CareSensAirScanScreen.kt.
222        -->
223        <meta-data
223-->src\main\AndroidManifest.xml:178:9-180:42
224            android:name="com.google.mlkit.vision.DEPENDENCIES"
224-->src\main\AndroidManifest.xml:179:13-64
225            android:value="barcode_ui" />
225-->src\main\AndroidManifest.xml:180:13-39
226
227        <activity
227-->src\main\AndroidManifest.xml:182:9-190:20
228            android:name="com.fclglucolink.app.MainActivity"
228-->src\main\AndroidManifest.xml:183:13-41
229            android:exported="true"
229-->src\main\AndroidManifest.xml:184:13-36
230            android:screenOrientation="unspecified" >
230-->src\main\AndroidManifest.xml:185:13-52
231            <intent-filter>
231-->src\main\AndroidManifest.xml:186:13-189:29
232                <action android:name="android.intent.action.MAIN" />
232-->src\main\AndroidManifest.xml:187:17-69
232-->src\main\AndroidManifest.xml:187:25-66
233
234                <category android:name="android.intent.category.LAUNCHER" />
234-->src\main\AndroidManifest.xml:188:17-77
234-->src\main\AndroidManifest.xml:188:27-74
235            </intent-filter>
236        </activity>
237
238        <!--
239             13/08/2026 (editor, RONDE 107) — zie alarm/AlarmActivity.kt's
240             kdoc: het volledige-scherm-alarmscherm, geopend via
241             alarm/AlarmController.kt's full-screen-notificatie, niet via
242             gewone in-app-navigatie. exported="false" — alleen deze app
243             zelf opent 'm. excludeFromRecents — een alarmscherm hoort geen
244             eigen kaart in het recente-apps-overzicht te krijgen, net zoals
245             een systeem-wekker dat ook niet doet. launchMode="singleTop" +
246             AlarmActivity.onNewIntent(): een tweede alarm terwijl dit
247             scherm al open staat hergebruikt dezelfde instantie i.p.v. een
248             stapel losse schermen op te bouwen.
249        -->
250        <activity
250-->src\main\AndroidManifest.xml:202:9-208:43
251            android:name="com.fclglucolink.app.alarm.AlarmActivity"
251-->src\main\AndroidManifest.xml:203:13-48
252            android:excludeFromRecents="true"
252-->src\main\AndroidManifest.xml:205:13-46
253            android:exported="false"
253-->src\main\AndroidManifest.xml:204:13-37
254            android:launchMode="singleTop"
254-->src\main\AndroidManifest.xml:206:13-43
255            android:showWhenLocked="true"
255-->src\main\AndroidManifest.xml:207:13-42
256            android:turnScreenOn="true" />
256-->src\main\AndroidManifest.xml:208:13-40
257
258        <!--
259             30/07/2026 (editor) — draait de actieve SensorDriver (scan/connect/
260             notify) los van de UI-levenscyclus, zodat metingen ook doorlopen
261             als het scherm dicht is. Zie sensor/ble/BleConnectionService.kt.
262
263             02/08/2026 (editor, na live-test — gebruiker swipete FCLGlucoLink
264             (en AAPS) weg uit het recente-apps-overzicht, waarna de Bg-
265             updates ~12 minuten stilvielen) — android:stopWithTask staat
266             standaard op "true": zonder deze regel stopt Android deze
267             foreground service AUTOMATISCH zodra de gebruiker de app-kaart
268             uit "Recents" wegveegt, ONGEACHT START_STICKY of de wakelock
269             hierboven (die beschermen tegen geheugendruk/CPU-slaap, niet
270             tegen deze expliciete, door de gebruiker geïnitieerde stop). Een
271             swipe uit Recents is voor veel gebruikers een gewoontehandeling
272             ("apps opruimen") die niet bedoeld is als "stop deze koppeling" —
273             stopWithTask="false" ontkoppelt de service expliciet van de
274             taak-levenscyclus, zodat 'm wegvegen de achtergrond-BLE-koppeling
275             niet meer onderbreekt (de "Verbinding verbreken"-knop op het
276             statusscherm blijft de bedoelde, expliciete manier om 'm wél te
277             stoppen).
278        -->
279        <service
279-->src\main\AndroidManifest.xml:229:9-233:44
280            android:name="com.fclglucolink.app.sensor.ble.BleConnectionService"
280-->src\main\AndroidManifest.xml:230:13-60
281            android:exported="false"
281-->src\main\AndroidManifest.xml:231:13-37
282            android:foregroundServiceType="connectedDevice"
282-->src\main\AndroidManifest.xml:232:13-60
283            android:stopWithTask="false" />
283-->src\main\AndroidManifest.xml:233:13-41
284
285        <!--
286             03/08/2026 (editor, ronde 28) — zie ConnectionWatchdog.kt's kdoc:
287             ontvangt de zelf-herplannende AlarmManager-tik en herstart
288             BleConnectionService onvoorwaardelijk veilig. Bewust
289             exported="false" — alleen deze app zelf plant dit alarm in.
290        -->
291        <receiver
291-->src\main\AndroidManifest.xml:239:9-242:40
292            android:name="com.fclglucolink.app.sensor.ble.ConnectionWatchdogReceiver"
292-->src\main\AndroidManifest.xml:240:13-66
293            android:enabled="true"
293-->src\main\AndroidManifest.xml:241:13-35
294            android:exported="false" />
294-->src\main\AndroidManifest.xml:242:13-37
295
296        <!--
297             04/08/2026 (editor, ronde 36) — zie PredictiveReconnectAlarm.kt's
298             kdoc: ontvangt de precies-getimede AlarmManager-wekker die de
299             kale coroutine-delay() in CareSensAirDriver.kt's
300             scheduleScanAttempt() vervangt (was Doze-kwetsbaar, vermoedelijk
301             de oorzaak van het trimodale vertragingspatroon uit ronde 35).
302             Bewust exported="false", net als de watchdog hierboven.
303        -->
304        <receiver
304-->src\main\AndroidManifest.xml:250:9-253:40
305            android:name="com.fclglucolink.app.sensor.ble.PredictiveReconnectAlarmReceiver"
305-->src\main\AndroidManifest.xml:251:13-72
306            android:enabled="true"
306-->src\main\AndroidManifest.xml:252:13-35
307            android:exported="false" />
307-->src\main\AndroidManifest.xml:253:13-37
308
309        <!--
310             03/08/2026 (editor, ronde 28) — mirror van Juggluco's `.NumAlarm`:
311             herstart de koppeling automatisch na een telefoon-herstart,
312             i.p.v. stil te blijven staan totdat de gebruiker de app zelf
313             weer opent. exported="true" nodig omdat BOOT_COMPLETED een
314             systeem-breed verstuurde broadcast is (net als in Juggluco's
315             eigen manifest).
316        -->
317        <receiver
317-->src\main\AndroidManifest.xml:261:9-268:20
318            android:name="com.fclglucolink.app.sensor.ble.BootReceiver"
318-->src\main\AndroidManifest.xml:262:13-52
319            android:enabled="true"
319-->src\main\AndroidManifest.xml:263:13-35
320            android:exported="true" >
320-->src\main\AndroidManifest.xml:264:13-36
321            <intent-filter>
321-->src\main\AndroidManifest.xml:265:13-267:29
322                <action android:name="android.intent.action.BOOT_COMPLETED" />
322-->src\main\AndroidManifest.xml:266:17-79
322-->src\main\AndroidManifest.xml:266:25-76
323            </intent-filter>
324        </receiver>
325
326        <!--
327             04/09/2026 (editor, RONDE 165) — nodig om de gedownloade update-
328             APK (in de eigen cache-map, zie update/UpdateInstaller.kt) als
329             een content://-URI aan Android's package-installer aan te
330             bieden — sinds Android 7 (API 24) accepteert de installer geen
331             kale file://-URI's meer van andere apps (FileUriExposed-
332             StrictMode-crash), vandaar deze FileProvider net als vrijwel
333             elke andere sideload-installer (F-Droid, Obtainium e.d.) hem
334             gebruikt. authorities uniek per package i.p.v. hardcoded, zodat
335             dit nooit kan botsen met een andere app z'n FileProvider op
336             hetzelfde toestel. exported="false" + grantUriPermissions:
337             alleen de installer-Activity die WIJ expliciet een tijdelijke
338             leestoestemming geven (via Intent.FLAG_GRANT_READ_URI_PERMISSION
339             in UpdateInstaller.kt) kan dit bestand lezen.
340        -->
341        <provider
342            android:name="androidx.core.content.FileProvider"
342-->src\main\AndroidManifest.xml:284:13-62
343            android:authorities="com.fclglucolink.app.fileprovider"
343-->src\main\AndroidManifest.xml:285:13-64
344            android:exported="false"
344-->src\main\AndroidManifest.xml:286:13-37
345            android:grantUriPermissions="true" >
345-->src\main\AndroidManifest.xml:287:13-47
346            <meta-data
346-->src\main\AndroidManifest.xml:288:13-290:54
347                android:name="android.support.FILE_PROVIDER_PATHS"
347-->src\main\AndroidManifest.xml:289:17-67
348                android:resource="@xml/file_paths" />
348-->src\main\AndroidManifest.xml:290:17-51
349        </provider>
350
351        <!--
352        This activity is an invisible delegate activity to start scanner activity
353        and receive result, so it's unnecessary to support screen orientation and
354        we can avoid any side effect from activity recreation in any case.
355        -->
356        <activity
356-->[com.google.android.gms:play-services-code-scanner:16.1.0] AndroidManifest.xml:15:9-20:20
357            android:name="com.google.mlkit.vision.codescanner.internal.GmsBarcodeScanningDelegateActivity"
357-->[com.google.android.gms:play-services-code-scanner:16.1.0] AndroidManifest.xml:16:13-107
358            android:exported="false"
358-->[com.google.android.gms:play-services-code-scanner:16.1.0] AndroidManifest.xml:17:13-37
359            android:screenOrientation="portrait" >
359-->[com.google.android.gms:play-services-code-scanner:16.1.0] AndroidManifest.xml:18:13-49
360        </activity>
361
362        <service
362-->[com.google.mlkit:vision-common:17.0.0] AndroidManifest.xml:9:9-15:19
363            android:name="com.google.mlkit.common.internal.MlKitComponentDiscoveryService"
363-->[com.google.mlkit:vision-common:17.0.0] AndroidManifest.xml:10:13-91
364            android:directBootAware="true"
364-->[com.google.mlkit:common:18.9.0] AndroidManifest.xml:17:13-43
365            android:exported="false" >
365-->[com.google.mlkit:vision-common:17.0.0] AndroidManifest.xml:11:13-37
366            <meta-data
366-->[com.google.mlkit:vision-common:17.0.0] AndroidManifest.xml:12:13-14:85
367                android:name="com.google.firebase.components:com.google.mlkit.vision.common.internal.VisionCommonRegistrar"
367-->[com.google.mlkit:vision-common:17.0.0] AndroidManifest.xml:13:17-124
368                android:value="com.google.firebase.components.ComponentRegistrar" />
368-->[com.google.mlkit:vision-common:17.0.0] AndroidManifest.xml:14:17-82
369            <meta-data
369-->[com.google.mlkit:common:18.9.0] AndroidManifest.xml:20:13-22:85
370                android:name="com.google.firebase.components:com.google.mlkit.common.internal.CommonComponentRegistrar"
370-->[com.google.mlkit:common:18.9.0] AndroidManifest.xml:21:17-120
371                android:value="com.google.firebase.components.ComponentRegistrar" />
371-->[com.google.mlkit:common:18.9.0] AndroidManifest.xml:22:17-82
372        </service>
373
374        <provider
374-->[com.google.mlkit:common:18.9.0] AndroidManifest.xml:9:9-13:38
375            android:name="com.google.mlkit.common.internal.MlKitInitProvider"
375-->[com.google.mlkit:common:18.9.0] AndroidManifest.xml:10:13-78
376            android:authorities="com.fclglucolink.app.mlkitinitprovider"
376-->[com.google.mlkit:common:18.9.0] AndroidManifest.xml:11:13-69
377            android:exported="false"
377-->[com.google.mlkit:common:18.9.0] AndroidManifest.xml:12:13-37
378            android:initOrder="99" />
378-->[com.google.mlkit:common:18.9.0] AndroidManifest.xml:13:13-35
379
380        <activity
380-->[com.google.android.gms:play-services-base:18.1.0] AndroidManifest.xml:20:9-22:45
381            android:name="com.google.android.gms.common.api.GoogleApiActivity"
381-->[com.google.android.gms:play-services-base:18.1.0] AndroidManifest.xml:20:19-85
382            android:exported="false"
382-->[com.google.android.gms:play-services-base:18.1.0] AndroidManifest.xml:22:19-43
383            android:theme="@android:style/Theme.Translucent.NoTitleBar" />
383-->[com.google.android.gms:play-services-base:18.1.0] AndroidManifest.xml:21:19-78
384
385        <meta-data
385-->[com.google.android.gms:play-services-basement:18.1.0] AndroidManifest.xml:21:9-23:69
386            android:name="com.google.android.gms.version"
386-->[com.google.android.gms:play-services-basement:18.1.0] AndroidManifest.xml:22:13-58
387            android:value="@integer/google_play_services_version" />
387-->[com.google.android.gms:play-services-basement:18.1.0] AndroidManifest.xml:23:13-66
388
389        <provider
389-->[androidx.emoji2:emoji2:1.3.0] AndroidManifest.xml:24:9-32:20
390            android:name="androidx.startup.InitializationProvider"
390-->[androidx.emoji2:emoji2:1.3.0] AndroidManifest.xml:25:13-67
391            android:authorities="com.fclglucolink.app.androidx-startup"
391-->[androidx.emoji2:emoji2:1.3.0] AndroidManifest.xml:26:13-68
392            android:exported="false" >
392-->[androidx.emoji2:emoji2:1.3.0] AndroidManifest.xml:27:13-37
393            <meta-data
393-->[androidx.emoji2:emoji2:1.3.0] AndroidManifest.xml:29:13-31:52
394                android:name="androidx.emoji2.text.EmojiCompatInitializer"
394-->[androidx.emoji2:emoji2:1.3.0] AndroidManifest.xml:30:17-75
395                android:value="androidx.startup" />
395-->[androidx.emoji2:emoji2:1.3.0] AndroidManifest.xml:31:17-49
396            <meta-data
396-->[androidx.lifecycle:lifecycle-process:2.8.2] AndroidManifest.xml:29:13-31:52
397                android:name="androidx.lifecycle.ProcessLifecycleInitializer"
397-->[androidx.lifecycle:lifecycle-process:2.8.2] AndroidManifest.xml:30:17-78
398                android:value="androidx.startup" />
398-->[androidx.lifecycle:lifecycle-process:2.8.2] AndroidManifest.xml:31:17-49
399            <meta-data
399-->[androidx.profileinstaller:profileinstaller:1.3.1] AndroidManifest.xml:29:13-31:52
400                android:name="androidx.profileinstaller.ProfileInstallerInitializer"
400-->[androidx.profileinstaller:profileinstaller:1.3.1] AndroidManifest.xml:30:17-85
401                android:value="androidx.startup" />